<?xml version="1.0" encoding="UTF-8"?>
<!-- Generated by org.testng.reporters.JUnitReportReporter -->
<testsuite hostname="DESKTOP-KUMC8Q1" failures="0" tests="2" name="com.practice.OpenMrs" time="65.061" errors="0" timestamp="2024-05-21T12:02:25 IST" skipped="0">
  <testcase classname="com.practice.OpenMrs" name="login" time="46.215"/>
  <system-out/>
  <testcase classname="com.practice.OpenMrs" name="regpatient" time="18.846"/>
  <system-out/>
</testsuite> <!-- com.practice.OpenMrs -->
