<?xml version="1.0" encoding="UTF-8"?>
<!-- Generated by org.testng.reporters.JUnitReportReporter -->
<testsuite hostname="DESKTOP-KUMC8Q1" failures="0" tests="1" name="com.practice.Setup" time="18.623" errors="0" timestamp="2024-05-20T08:54:06 IST" skipped="0">
  <testcase classname="com.practice.Setup" name="launchBrowser" time="18.623"/>
  <system-out/>
</testsuite> <!-- com.practice.Setup -->
