<?xml version="1.0" encoding="UTF-8"?>
<!-- Generated by org.testng.reporters.JUnitReportReporter -->
<testsuite hostname="DESKTOP-KUMC8Q1" failures="0" tests="1" name="com.practice.Autosugession" time="14.011" errors="0" timestamp="2024-05-23T13:17:17 IST" skipped="0">
  <testcase classname="com.practice.Autosugession" name="auttosugession" time="14.011"/>
  <system-out/>
</testsuite> <!-- com.practice.Autosugession -->
